|> WITH echo $PWD; echo $OLDPWD; cd .; pwd; echo $PWD; echo $OLDPWD
TIMEOUT
================================================================================

|> WITH echo $PWD; echo $OLDPWD; cd ..; pwd; echo $PWD; echo $OLDPWD
TIMEOUT
================================================================================

|> WITH echo $PWD; echo $OLDPWD; cd ../..; pwd; echo $PWD; echo $OLDPWD
TIMEOUT
================================================================================

|> WITH echo $PWD; echo $OLDPWD; cd ../../..; pwd; echo $PWD; echo $OLDPWD
TIMEOUT
================================================================================

|> WITH echo $PWD; echo $OLDPWD; cd ../../../..; pwd; echo $PWD; echo $OLDPWD
TIMEOUT
================================================================================

|> WITH echo $PWD; echo $OLDPWD; cd ../../../../..; pwd; echo $PWD; echo $OLDPWD
TIMEOUT
================================================================================

|> WITH echo $PWD; echo $OLDPWD; cd ../../../../../..; pwd; echo $PWD; echo $OLDPWD
TIMEOUT
================================================================================

|> WITH echo $PWD; echo $OLDPWD; cd /; pwd; echo $PWD; echo $OLDPWD
TIMEOUT
================================================================================

|> WITH echo $PWD; echo $OLDPWD; cd ''; pwd; echo $PWD; echo $OLDPWD
TIMEOUT
================================================================================

|> WITH echo $PWD; echo $OLDPWD; cd '' ''; pwd; echo $PWD; echo $OLDPWD
TIMEOUT
================================================================================

|> WITH echo $PWD; echo $OLDPWD; cd '' '' ''; pwd; echo $PWD; echo $OLDPWD
TIMEOUT
================================================================================

|> WITH echo $PWD; echo $OLDPWD; cd ' '; pwd; echo $PWD; echo $OLDPWD
TIMEOUT
================================================================================

|> WITH [SETUP mkdir d] echo $PWD; echo $OLDPWD; cd d ''; pwd; echo $PWD; echo $OLDPWD
TIMEOUT
================================================================================

|> WITH [SETUP mkdir d] echo $PWD; echo $OLDPWD; cd d d; pwd; echo $PWD; echo $OLDPWD
TIMEOUT
================================================================================

|> WITH [SETUP mkdir d] echo $PWD; echo $OLDPWD; cd d ' '; pwd; echo $PWD; echo $OLDPWD
TIMEOUT
================================================================================

|> WITH [EXPORTS HOME='/home/maobe'] echo $PWD; echo $OLDPWD; cd $HOME; pwd; echo $PWD; echo $OLDPWD
TIMEOUT
================================================================================

|> WITH echo $PWD; echo $OLDPWD; cd /; pwd; echo $PWD; echo $OLDPWD
TIMEOUT
================================================================================

|> WITH echo $PWD; echo $OLDPWD; cd /.; pwd; echo $PWD; echo $OLDPWD
TIMEOUT
================================================================================

|> WITH echo $PWD; echo $OLDPWD; cd /./; pwd; echo $PWD; echo $OLDPWD
TIMEOUT
================================================================================

|> WITH echo $PWD; echo $OLDPWD; cd /././././; pwd; echo $PWD; echo $OLDPWD
TIMEOUT
================================================================================

|> WITH echo $PWD; echo $OLDPWD; cd //; pwd; echo $PWD; echo $OLDPWD
TIMEOUT
================================================================================

|> WITH echo $PWD; echo $OLDPWD; cd ///; pwd; echo $PWD; echo $OLDPWD
TIMEOUT
================================================================================

|> WITH echo $PWD; echo $OLDPWD; cd ////; pwd; echo $PWD; echo $OLDPWD
TIMEOUT
================================================================================

|> WITH echo $PWD; echo $OLDPWD; cd //////////////////////////////////////////////////////; pwd; echo $PWD; echo $OLDPWD
TIMEOUT
================================================================================

|> WITH echo $PWD; echo $OLDPWD; cd; echo $OLDPWD
TIMEOUT
================================================================================

|> WITH [EXPORTS HOME='/home/maobe'] echo $PWD; echo $OLDPWD; cd; echo $PWD; echo $OLDPWD
TIMEOUT
================================================================================

|> WITH echo $PWD; echo $OLDPWD; cd ' /'; pwd; echo $PWD; echo $OLDPWD
TIMEOUT
================================================================================

|> WITH echo $PWD; echo $OLDPWD; cd ' / '; pwd; echo $PWD; echo $OLDPWD
TIMEOUT
================================================================================

|> WITH echo $PWD; echo $OLDPWD; cd '                  /'; pwd; echo $PWD; echo $OLDPWD
TIMEOUT
================================================================================

|> WITH echo $PWD; echo $OLDPWD; cd '                  /              '; pwd; echo $PWD; echo $OLDPWD
TIMEOUT
================================================================================

|> WITH echo $PWD; echo $OLDPWD; cd ' // '; pwd; echo $PWD; echo $OLDPWD
TIMEOUT
================================================================================

|> WITH echo $PWD; echo $OLDPWD; cd //home; pwd; echo $PWD; echo $OLDPWD
TIMEOUT
================================================================================

|> WITH echo $PWD; echo $OLDPWD; cd ' //home'; pwd; echo $PWD; echo $OLDPWD
TIMEOUT
================================================================================

|> WITH echo $PWD; echo $OLDPWD; cd '     //home    '; pwd; echo $PWD; echo $OLDPWD
TIMEOUT
================================================================================

|> WITH [SETUP mkdir -m 000 d] echo $PWD; echo $OLDPWD; cd d; echo $OLDPWD
TIMEOUT
================================================================================

|> WITH [SETUP mkdir -m 001 d] echo $PWD; echo $OLDPWD; cd d; echo $OLDPWD
TIMEOUT
================================================================================

|> WITH [SETUP mkdir -m 002 d] echo $PWD; echo $OLDPWD; cd d; echo $OLDPWD
TIMEOUT
================================================================================

|> WITH [SETUP mkdir -m 003 d] echo $PWD; echo $OLDPWD; cd d; echo $OLDPWD
TIMEOUT
================================================================================

|> WITH [SETUP mkdir -m 004 d] echo $PWD; echo $OLDPWD; cd d; echo $OLDPWD
TIMEOUT
================================================================================

|> WITH [SETUP mkdir -m 005 d] echo $PWD; echo $OLDPWD; cd d; echo $OLDPWD
TIMEOUT
================================================================================

|> WITH [SETUP mkdir -m 006 d] echo $PWD; echo $OLDPWD; cd d; echo $OLDPWD
TIMEOUT
================================================================================

|> WITH [SETUP mkdir -m 007 d] echo $PWD; echo $OLDPWD; cd d; echo $OLDPWD
TIMEOUT
================================================================================

|> WITH [SETUP mkdir -m 010 d] echo $PWD; echo $OLDPWD; cd d; echo $OLDPWD
TIMEOUT
================================================================================

|> WITH [SETUP mkdir -m 020 d] echo $PWD; echo $OLDPWD; cd d; echo $OLDPWD
TIMEOUT
================================================================================

|> WITH [SETUP mkdir -m 030 d] echo $PWD; echo $OLDPWD; cd d; echo $OLDPWD
TIMEOUT
================================================================================

|> WITH [SETUP mkdir -m 040 d] echo $PWD; echo $OLDPWD; cd d; echo $OLDPWD
TIMEOUT
================================================================================

|> WITH [SETUP mkdir -m 050 d] echo $PWD; echo $OLDPWD; cd d; echo $OLDPWD
TIMEOUT
================================================================================

|> WITH [SETUP mkdir -m 060 d] echo $PWD; echo $OLDPWD; cd d; echo $OLDPWD
TIMEOUT
================================================================================

|> WITH [SETUP mkdir -m 070 d] echo $PWD; echo $OLDPWD; cd d; echo $OLDPWD
TIMEOUT
================================================================================

|> WITH [SETUP mkdir -m 100 d] echo $PWD; echo $OLDPWD; cd d; echo $OLDPWD
TIMEOUT
================================================================================

|> WITH [SETUP mkdir -m 200 d] echo $PWD; echo $OLDPWD; cd d; echo $OLDPWD
TIMEOUT
================================================================================

|> WITH [SETUP mkdir -m 300 d] echo $PWD; echo $OLDPWD; cd d; echo $OLDPWD
TIMEOUT
================================================================================

|> WITH [SETUP mkdir -m 400 d] echo $PWD; echo $OLDPWD; cd d; echo $OLDPWD
TIMEOUT
================================================================================

|> WITH [SETUP mkdir -m 500 d] echo $PWD; echo $OLDPWD; cd d; echo $OLDPWD
TIMEOUT
================================================================================

|> WITH [SETUP mkdir -m 600 d] echo $PWD; echo $OLDPWD; cd d; echo $OLDPWD
TIMEOUT
================================================================================

|> WITH [SETUP mkdir -m 700 d] echo $PWD; echo $OLDPWD; cd d; echo $OLDPWD
TIMEOUT
================================================================================

|> WITH [SETUP mkdir -m 755 d] echo $PWD; echo $OLDPWD; cd d; echo $OLDPWD
TIMEOUT
================================================================================

|> WITH [SETUP mkdir -m 644 d] echo $PWD; echo $OLDPWD; cd d; echo $OLDPWD
TIMEOUT
================================================================================

|> WITH [SETUP mkdir -m 311 d] echo $PWD; echo $OLDPWD; cd d; echo $OLDPWD
TIMEOUT
================================================================================

|> WITH [SETUP mkdir -m 111 d] echo $PWD; echo $OLDPWD; cd d; echo $OLDPWD
TIMEOUT
================================================================================

|> WITH [SETUP mkdir -m 222 d] echo $PWD; echo $OLDPWD; cd d; echo $OLDPWD
TIMEOUT
================================================================================

|> WITH [SETUP mkdir -m 333 d] echo $PWD; echo $OLDPWD; cd d; echo $OLDPWD
TIMEOUT
================================================================================

|> WITH [SETUP mkdir -m 0777 d] echo $PWD; echo $OLDPWD; cd d; echo $OLDPWD
TIMEOUT
================================================================================

|> WITH [SETUP mkdir -m 1000 d] echo $PWD; echo $OLDPWD; cd d; echo $OLDPWD
TIMEOUT
================================================================================

|> WITH [SETUP mkdir -m 2000 d] echo $PWD; echo $OLDPWD; cd d; echo $OLDPWD
TIMEOUT
================================================================================

|> WITH [SETUP mkdir -m 3000 d] echo $PWD; echo $OLDPWD; cd d; echo $OLDPWD
TIMEOUT
================================================================================

|> WITH [SETUP mkdir -m 4000 d] echo $PWD; echo $OLDPWD; cd d; echo $OLDPWD
TIMEOUT
================================================================================

|> WITH [SETUP mkdir -m 5000 d] echo $PWD; echo $OLDPWD; cd d; echo $OLDPWD
TIMEOUT
================================================================================

|> WITH [SETUP mkdir -m 6000 d] echo $PWD; echo $OLDPWD; cd d; echo $OLDPWD
TIMEOUT
================================================================================

|> WITH [SETUP mkdir -m 7000 d] echo $PWD; echo $OLDPWD; cd d; echo $OLDPWD
TIMEOUT
================================================================================

|> WITH [SETUP mkdir -m 1777 d] echo $PWD; echo $OLDPWD; cd d; echo $OLDPWD
TIMEOUT
================================================================================

|> WITH [SETUP mkdir -m 2777 d] echo $PWD; echo $OLDPWD; cd d; echo $OLDPWD
TIMEOUT
================================================================================

|> WITH [SETUP mkdir -m 3777 d] echo $PWD; echo $OLDPWD; cd d; echo $OLDPWD
TIMEOUT
================================================================================

|> WITH [SETUP mkdir -m 4777 d] echo $PWD; echo $OLDPWD; cd d; echo $OLDPWD
TIMEOUT
================================================================================

|> WITH [SETUP mkdir -m 5777 d] echo $PWD; echo $OLDPWD; cd d; echo $OLDPWD
TIMEOUT
================================================================================

|> WITH [SETUP mkdir -m 6777 d] echo $PWD; echo $OLDPWD; cd d; echo $OLDPWD
TIMEOUT
================================================================================

|> WITH [SETUP mkdir -m 7777 d] echo $PWD; echo $OLDPWD; cd d; echo $OLDPWD
TIMEOUT
================================================================================

|> WITH [SETUP mkdir -m 0000 d] echo $PWD; echo $OLDPWD; cd d; echo $OLDPWD
TIMEOUT
================================================================================

|> WITH echo $PWD; echo $OLDPWD; cd /; echo $PWD; echo $OLDPWD; unset PWD; cd /dev; echo $OLDPWD
TIMEOUT
================================================================================

|> WITH echo $PWD; echo $OLDPWD; cd /; echo $PWD; echo $OLDPWD; export PWD=bonjour; cd /dev; echo $OLDPWD
TIMEOUT
================================================================================

|> WITH echo
TIMEOUT
================================================================================

|> WITH echo bonjour
TIMEOUT
================================================================================

|> WITH echo lalalala lalalalal alalalalal alalalala
TIMEOUT
================================================================================

|> WITH echo lalalala                lalalalal      alalalalal alalalala
TIMEOUT
================================================================================

|> WITH echo  Mollitia asperiores assumenda excepturi et ipsa. Nihil corporis facere aut a rem consequatur. Quas molestiae corporis et quibusdam maiores. Molestiae sed unde aut at sed. Deserunt quidem quidem aspernatur pariatur vel illum voluptatum. Culpa unde dolor aspernatur sit. Mollitia tenetur sed eaque autem placeat a aut in. Ipsam ea consequuntur omnis. Non et qui vel corrupti similique eum aut voluptatibus. Iste consequatur voluptatum et omnis debitis. Sit quia neque nihil consequatur sint. Velit libero ut aut et et rerum. Placeat cumque incidunt non repellat sunt perspiciatis ullam. Repellendus repudiandae nostrum quia quis corrupti. Rerum veniam earum cumque pariatur accusantium voluptatum omnis. Alias ut et et adipisci. Tempore omnis numquam ullam et animi et eveniet. Dolor itaque distinctio in. Magnam rerum quia est laboriosam repellat perspiciatis eos. Consequuntur quae corrupti atque. Numquam enim ut ut. Perspiciatis ut maxime et libero quo voluptas consequatur illum. Pariatur porro dolor cumque molestiae harum. 
TIMEOUT
================================================================================

|> WITH echo -n
TIMEOUT
================================================================================

|> WITH echo -n bonjour
TIMEOUT
================================================================================

|> WITH echo -n lalalala lalalalal alalalalal alalalala
TIMEOUT
================================================================================

|> WITH echo -n lalalala                lalalalal      alalalalal alalalala
TIMEOUT
================================================================================

|> WITH echo -n  Mollitia asperiores assumenda excepturi et ipsa. Nihil corporis facere aut a rem consequatur. Quas molestiae corporis et quibusdam maiores. Molestiae sed unde aut at sed. Deserunt quidem quidem aspernatur pariatur vel illum voluptatum. Culpa unde dolor aspernatur sit. Mollitia tenetur sed eaque autem placeat a aut in. Ipsam ea consequuntur omnis. Non et qui vel corrupti similique eum aut voluptatibus. Iste consequatur voluptatum et omnis debitis. Sit quia neque nihil consequatur sint. Velit libero ut aut et et rerum. Placeat cumque incidunt non repellat sunt perspiciatis ullam. Repellendus repudiandae nostrum quia quis corrupti. Rerum veniam earum cumque pariatur accusantium voluptatum omnis. Alias ut et et adipisci. Tempore omnis numquam ullam et animi et eveniet. Dolor itaque distinctio in. Magnam rerum quia est laboriosam repellat perspiciatis eos. Consequuntur quae corrupti atque. Numquam enim ut ut. Perspiciatis ut maxime et libero quo voluptas consequatur illum. Pariatur porro dolor cumque molestiae harum. 
TIMEOUT
================================================================================

|> WITH echo bonjour -n
TIMEOUT
================================================================================

|> WITH echo -n bonjour -n
TIMEOUT
================================================================================

|> WITH                         echo                     bonjour             je
TIMEOUT
================================================================================

|> WITH                         echo       -n            bonjour             je
TIMEOUT
================================================================================

|> WITH echo a '' b '' c '' d
TIMEOUT
================================================================================

|> WITH echo a "" b "" c "" d
TIMEOUT
================================================================================

|> WITH echo -n a '' b '' c '' d
TIMEOUT
================================================================================

|> WITH echo -n a "" b "" c "" d
TIMEOUT
================================================================================

|> WITH echo '' '' ''
TIMEOUT
================================================================================

|> WITH Echo bonjour
TIMEOUT
================================================================================

|> WITH eCho bonjour
TIMEOUT
================================================================================

|> WITH ecHo bonjour
TIMEOUT
================================================================================

|> WITH echO bonjour
TIMEOUT
================================================================================

|> WITH EchO bonjour
TIMEOUT
================================================================================

|> WITH eCHo bonjour
TIMEOUT
================================================================================

|> WITH EcHo bonjour
TIMEOUT
================================================================================

|> WITH eChO bonjour
TIMEOUT
================================================================================

|> WITH [EXPORTS PATH='/bin:/usr/bin'] Echo bonjour
TIMEOUT
================================================================================

|> WITH [EXPORTS PATH='/bin:/usr/bin'] eCho bonjour
TIMEOUT
================================================================================

|> WITH [EXPORTS PATH='/bin:/usr/bin'] ecHo bonjour
TIMEOUT
================================================================================

|> WITH [EXPORTS PATH='/bin:/usr/bin'] echO bonjour
TIMEOUT
================================================================================

|> WITH [EXPORTS PATH='/bin:/usr/bin'] EchO bonjour
TIMEOUT
================================================================================

|> WITH [EXPORTS PATH='/bin:/usr/bin'] eCHo bonjour
TIMEOUT
================================================================================

|> WITH [EXPORTS PATH='/bin:/usr/bin'] EcHo bonjour
TIMEOUT
================================================================================

|> WITH [EXPORTS PATH='/bin:/usr/bin'] eChO bonjour
TIMEOUT
================================================================================

|> WITH [EXPORTS PATH='/bin:/usr/bin'] eChO -e 'bonjo\nur'
TIMEOUT
================================================================================

|> WITH echo -n -n -n -n bonjour
TIMEOUT
================================================================================

|> WITH echo -nnnnnnnnnnnnnnnnnnnnn bonjour
TIMEOUT
================================================================================

|> WITH echo -nnnnnnnnnnnnnnnnnnnnn -n -n -n bonjour -n -n
TIMEOUT
================================================================================

|> WITH env
TIMEOUT
================================================================================

|> WITH [SETUP export A=a] env
TIMEOUT
================================================================================

|> WITH [SETUP export A=a B=b C=c] env
TIMEOUT
================================================================================

|> WITH [SETUP export A=a B=b C=c] env | cat -e
TIMEOUT
================================================================================

|> WITH exit
TIMEOUT
================================================================================

|> WITH exit 1
TIMEOUT
================================================================================

|> WITH exit 2
TIMEOUT
================================================================================

|> WITH exit 3
TIMEOUT
================================================================================

|> WITH exit ' 3'
TIMEOUT
================================================================================

|> WITH exit '\t3'
TIMEOUT
================================================================================

|> WITH exit '\t\f\r 3'
TIMEOUT
================================================================================

|> WITH exit '3 '
TIMEOUT
================================================================================

|> WITH exit '3\t'
TIMEOUT
================================================================================

|> WITH exit '3\r'
TIMEOUT
================================================================================

|> WITH exit '3\t\f\r '
TIMEOUT
================================================================================

|> WITH exit '3     a'
TIMEOUT
================================================================================

|> WITH exit '3\t\t\ta'
TIMEOUT
================================================================================

|> WITH exit 0
TIMEOUT
================================================================================

|> WITH exit -0
TIMEOUT
================================================================================

|> WITH exit -1
TIMEOUT
================================================================================

|> WITH exit 255
TIMEOUT
================================================================================

|> WITH exit 256
TIMEOUT
================================================================================

|> WITH exit 2000000
TIMEOUT
================================================================================

|> WITH exit -2000000
TIMEOUT
================================================================================

|> WITH exit 2147483647
TIMEOUT
================================================================================

|> WITH exit -2147483648
TIMEOUT
================================================================================

|> WITH exit 2147483648
TIMEOUT
================================================================================

|> WITH exit -2147483649
TIMEOUT
================================================================================

|> WITH exit 3147483648
TIMEOUT
================================================================================

|> WITH exit -3147483649
TIMEOUT
================================================================================

|> WITH exit 4294967295
TIMEOUT
================================================================================

|> WITH exit 4294967296
TIMEOUT
================================================================================

|> WITH exit -9223372036854775808
TIMEOUT
================================================================================

|> WITH exit 9223372036854775807
TIMEOUT
================================================================================

|> WITH exit -9223372036854775809
TIMEOUT
================================================================================

|> WITH exit 9223372036854775808
TIMEOUT
================================================================================

|> WITH exit 18446744073709551615
TIMEOUT
================================================================================

|> WITH exit 18446744073709551616
TIMEOUT
================================================================================

|> WITH exit +1
TIMEOUT
================================================================================

|> WITH exit +2
TIMEOUT
================================================================================

|> WITH exit +3
TIMEOUT
================================================================================

|> WITH exit +0
TIMEOUT
================================================================================

|> WITH exit +255
TIMEOUT
================================================================================

|> WITH exit +256
TIMEOUT
================================================================================

|> WITH exit +2000000
TIMEOUT
================================================================================

|> WITH exit +2147483647
TIMEOUT
================================================================================

|> WITH exit ++1
TIMEOUT
================================================================================

|> WITH exit ++2
TIMEOUT
================================================================================

|> WITH exit ++3
TIMEOUT
================================================================================

|> WITH exit ++0
TIMEOUT
================================================================================

|> WITH exit ++255
TIMEOUT
================================================================================

|> WITH exit ++256
TIMEOUT
================================================================================

|> WITH exit ++2000000
TIMEOUT
================================================================================

|> WITH exit ++2147483647
TIMEOUT
================================================================================

|> WITH exit --1
TIMEOUT
================================================================================

|> WITH exit --2
TIMEOUT
================================================================================

|> WITH exit --3
TIMEOUT
================================================================================

|> WITH exit --0
TIMEOUT
================================================================================

|> WITH exit --255
TIMEOUT
================================================================================

|> WITH exit --256
TIMEOUT
================================================================================

|> WITH exit --2000000
TIMEOUT
================================================================================

|> WITH exit --2147483647
TIMEOUT
================================================================================

|> WITH exit bonjour
TIMEOUT
================================================================================

|> WITH exit 0_
TIMEOUT
================================================================================

|> WITH exit _0
TIMEOUT
================================================================================

|> WITH exit 0123456789
TIMEOUT
================================================================================

|> WITH exit -0123456789
TIMEOUT
================================================================================

|> WITH exit 00000000000000000000000000000000000000000000001
TIMEOUT
================================================================================

|> WITH exit 0000000000000000000000000000000000000000000000000000000000000000000000000000000000000000000001
TIMEOUT
================================================================================

|> WITH exit 0000000000000000000000000000000000000000000000000000000000000000000000000000000000000000000000
TIMEOUT
================================================================================

|> WITH exit -0000000000000000000000000000000000000000000000000000000000000000000000000000000000000000000001
TIMEOUT
================================================================================

|> WITH exit -9999999999999999999999999999999999999999999999999999999999999999999999999999999999999999
TIMEOUT
================================================================================

|> WITH exit 9999999999999999999999999999999999999999999999999999999999999999999999999999999999999999
TIMEOUT
================================================================================

|> WITH exit 0 bonjour
TIMEOUT
================================================================================

|> WITH exit bonjour 0
TIMEOUT
================================================================================

|> WITH exit 0 1
TIMEOUT
================================================================================

|> WITH exit 0 1 2 3 4 5 6 7 8 9
TIMEOUT
================================================================================

|> WITH exit  Mollitia asperiores assumenda excepturi et ipsa. Nihil corporis facere aut a rem consequatur. Quas molestiae corporis et quibusdam maiores. Molestiae sed unde aut at sed. Deserunt quidem quidem aspernatur pariatur vel illum voluptatum. Culpa unde dolor aspernatur sit. Mollitia tenetur sed eaque autem placeat a aut in. Ipsam ea consequuntur omnis. Non et qui vel corrupti similique eum aut voluptatibus. Iste consequatur voluptatum et omnis debitis. Sit quia neque nihil consequatur sint. Velit libero ut aut et et rerum. Placeat cumque incidunt non repellat sunt perspiciatis ullam. Repellendus repudiandae nostrum quia quis corrupti. Rerum veniam earum cumque pariatur accusantium voluptatum omnis. Alias ut et et adipisci. Tempore omnis numquam ullam et animi et eveniet. Dolor itaque distinctio in. Magnam rerum quia est laboriosam repellat perspiciatis eos. Consequuntur quae corrupti atque. Numquam enim ut ut. Perspiciatis ut maxime et libero quo voluptas consequatur illum. Pariatur porro dolor cumque molestiae harum. 
TIMEOUT
================================================================================

|> WITH export
TIMEOUT
================================================================================

|> WITH [EXPORTS A=''] export
TIMEOUT
================================================================================

|> WITH [EXPORTS A='"'] export
TIMEOUT
================================================================================

|> WITH [EXPORTS A='\t'] export
TIMEOUT
================================================================================

|> WITH [EXPORTS A='''] export
TIMEOUT
================================================================================

|> WITH [EXPORTS A='a'] export
TIMEOUT
================================================================================

|> WITH export A=a; echo $A
TIMEOUT
================================================================================

|> WITH export A=a B=b C=c; echo $A$B$C
TIMEOUT
================================================================================

|> WITH export A=a B=b C=c D=d E=e F=f G=g H=h I=i J=j K=k L=lM=m N=n O=o P=p Q=q R=r S=s T=t U=u V=v W=w X=x Y=y Z=z; echo $A$B$C$D$E$F$G$H$I$J$K$L$M$N$O$P$Q$R$S$T$U$V$W$X$Y$Z
TIMEOUT
================================================================================

|> WITH export BONJOURJESUIS=a; echo $BONJOURJESUIS
TIMEOUT
================================================================================

|> WITH export bonjourjesuis=a; echo $bonjourjesuis
TIMEOUT
================================================================================

|> WITH export bonjour_je_suis=a; echo $bonjour_je_suis
TIMEOUT
================================================================================

|> WITH export BONJOURJESUIS1=a; echo $BONJOURJESUIS1
TIMEOUT
================================================================================

|> WITH export bO_nJq123o__1ju_je3234sui__a=a; echo $bO_nJq123o__1ju_je3234sui__a
TIMEOUT
================================================================================

|> WITH export a0123456789=a; echo $a0123456789
TIMEOUT
================================================================================

|> WITH export abcdefghijklmnopqrstuvwxyz=a; echo $abcdefghijklmnopqrstuvwxyz
TIMEOUT
================================================================================

|> WITH export ABCDEFGHIJKLMNOPQRSTUVWXYZ=a; echo $ABCDEFGHIJKLMNOPQRSTUVWXYZ
TIMEOUT
================================================================================

|> WITH export __________________________=a; echo $__________________________
TIMEOUT
================================================================================

|> WITH export _bonjour_=a; echo $_bonjour_
TIMEOUT
================================================================================

|> WITH export _=a; echo $_a
TIMEOUT
================================================================================

|> WITH export 1=a
TIMEOUT
================================================================================

|> WITH export BONJOURJESUIS =a
TIMEOUT
================================================================================

|> WITH export BONJOURJESUIS= a
TIMEOUT
================================================================================

|> WITH export BONJOUR\\JESUIS=a
TIMEOUT
================================================================================

|> WITH export BONJOUR\'JESUIS=a
TIMEOUT
================================================================================

|> WITH export BONJOUR\"JESUIS=a
TIMEOUT
================================================================================

|> WITH export BONJOUR\$JESUIS=a
TIMEOUT
================================================================================

|> WITH export BONJOUR\&JESUIS=a
TIMEOUT
================================================================================

|> WITH export BONJOUR\|JESUIS=a
TIMEOUT
================================================================================

|> WITH export BONJOUR\;JESUIS=a
TIMEOUT
================================================================================

|> WITH export BONJOUR\_JESUIS=a
TIMEOUT
================================================================================

|> WITH export BONJOUR\0JESUIS=a
TIMEOUT
================================================================================

|> WITH export \B\O\N\ \ \ \ \ \ \ JOURJESUIS=a
TIMEOUT
================================================================================

|> WITH export A=\B\O\N\ \ \ \ \ \ \ JOURJESUIS; echo $A
TIMEOUT
================================================================================

|> WITH export A='bonjour je suis charles'; echo $A
TIMEOUT
================================================================================

|> WITH export A="bonjour je suis charles"; echo $A
TIMEOUT
================================================================================

|> WITH export A==a; echo $A
TIMEOUT
================================================================================

|> WITH export A===a; echo $A
TIMEOUT
================================================================================

|> WITH export A====a; echo $A
TIMEOUT
================================================================================

|> WITH export A=====a; echo $A
TIMEOUT
================================================================================

|> WITH export A======a; echo $A
TIMEOUT
================================================================================

|> WITH export A=a=a=a=a=a; echo $A
TIMEOUT
================================================================================

|> WITH export A 'asdf ' B ' asdf asdf asd f' ' asdf ' '' 'asdf ' C; echo $A$B$C
TIMEOUT
================================================================================

|> WITH export 'asdf ' B ' asdf asdf asd f' ' asdf ' '' 'asdf ' C; echo $A$B$C
TIMEOUT
================================================================================

|> WITH export A 'asdf ' B ' asdf asdf asd f' ' asdf ' '' 'asdf '; echo $A$B$C
TIMEOUT
================================================================================

|> WITH export A B C; echo $A$B$C
TIMEOUT
================================================================================

|> WITH export A B C; env
TIMEOUT
================================================================================

|> WITH export 'AH@'=nop
TIMEOUT
================================================================================

|> WITH export "AH'"=nop
TIMEOUT
================================================================================

|> WITH export 'AH"'=nop
TIMEOUT
================================================================================

|> WITH export 'AH$'=nop
TIMEOUT
================================================================================

|> WITH export 'AH!'=nop
TIMEOUT
================================================================================

|> WITH export 'AH|'=nop
TIMEOUT
================================================================================

|> WITH export 'AH;'=nop
TIMEOUT
================================================================================

|> WITH export 'AH&'=nop
TIMEOUT
================================================================================

|> WITH export 'AH\'=nop
TIMEOUT
================================================================================

|> WITH [EXPORTS TEST='A=a'] export $TEST
TIMEOUT
================================================================================

|> WITH export BONJOUR\\JESUIS
TIMEOUT
================================================================================

|> WITH export BONJOUR\'JESUIS
TIMEOUT
================================================================================

|> WITH export BONJOUR\"JESUIS
TIMEOUT
================================================================================

|> WITH export BONJOUR\$JESUIS
TIMEOUT
================================================================================

|> WITH export BONJOUR\&JESUIS
TIMEOUT
================================================================================

|> WITH export BONJOUR\|JESUIS
TIMEOUT
================================================================================

|> WITH export BONJOUR\;JESUIS
TIMEOUT
================================================================================

|> WITH export BONJOUR\_JESUIS
TIMEOUT
================================================================================

